<?xml version="1.0" encoding="UTF-8"?>
<!-- Generated by org.testng.reporters.JUnitXMLReporter -->
<testsuite ignored="1" hostname="Srinidhi" failures="0" tests="1" name="Default test" time="0.045" errors="0" timestamp="18 May 2021 06:26:34 GMT">
  <testcase classname="qaclickacademy.Mavenjava.SeleniumTest" name="elementsUI" time="0.017"/>
  <testcase classname="qaclickacademy.Mavenjava.SeleniumTest" name="BrowserAutomation" time="0.0">
    <ignored/>
  </testcase> <!-- BrowserAutomation -->
</testsuite> <!-- Default test -->
