<?xml version="1.0" encoding="UTF-8"?>
<!-- Generated by org.testng.reporters.JUnitXMLReporter -->
<testsuite ignored="0" hostname="Srinidhi" failures="0" tests="7" name="Test" time="0.125" errors="0" timestamp="18 May 2021 07:03:08 GMT">
  <testcase classname="qaclickacademy.Mavenjava.AppTest" name="shouldAnswerWithTrue" time="0.022"/>
  <testcase classname="qaclickacademy.Mavenjava.RESTAPITest" name="deleteTwitter" time="0.005"/>
  <testcase classname="qaclickacademy.Mavenjava.RESTAPITest" name="postJira" time="0.002"/>
  <testcase classname="qaclickacademy.Mavenjava.AppiumTest" name="IOSApps" time="0.003"/>
  <testcase classname="qaclickacademy.Mavenjava.AppiumTest" name="NativeAppAndroid" time="0.005"/>
  <testcase classname="qaclickacademy.Mavenjava.SeleniumTest" name="BrowserAutomation" time="0.003"/>
  <testcase classname="qaclickacademy.Mavenjava.SeleniumTest" name="elementsUI" time="0.006"/>
</testsuite> <!-- Test -->
