<?xml version="1.0" encoding="UTF-8"?>
<testng-results ignored="0" total="7" passed="7" failed="0" skipped="0">
  <reporter-output>
  </reporter-output>
  <suite started-at="2021-05-18T07:03:08Z" name="Suite" finished-at="2021-05-18T07:03:08Z" duration-ms="125">
    <groups>
    </groups>
    <test started-at="2021-05-18T07:03:08Z" name="Test" finished-at="2021-05-18T07:03:08Z" duration-ms="125">
      <class name="qaclickacademy.Mavenjava.AppTest">
        <test-method signature="shouldAnswerWithTrue()[pri:0, instance:qaclickacademy.Mavenjava.AppTest@7e19ebf0]" started-at="2021-05-18T12:33:08Z" name="shouldAnswerWithTrue" finished-at="2021-05-18T12:33:08Z" duration-ms="22" status="PASS">
          <reporter-output>
          </reporter-output>
        </test-method> <!-- shouldAnswerWithTrue -->
      </class> <!-- qaclickacademy.Mavenjava.AppTest -->
      <class name="qaclickacademy.Mavenjava.AppiumTest">
        <test-method signature="IOSApps()[pri:0, instance:qaclickacademy.Mavenjava.AppiumTest@68f4865]" started-at="2021-05-18T12:33:08Z" name="IOSApps" finished-at="2021-05-18T12:33:08Z" duration-ms="3" status="PASS">
          <reporter-output>
          </reporter-output>
        </test-method> <!-- IOSApps -->
        <test-method signature="NativeAppAndroid()[pri:0, instance:qaclickacademy.Mavenjava.AppiumTest@68f4865]" started-at="2021-05-18T12:33:08Z" name="NativeAppAndroid" finished-at="2021-05-18T12:33:08Z" duration-ms="5" status="PASS">
          <reporter-output>
          </reporter-output>
        </test-method> <!-- NativeAppAndroid -->
      </class> <!-- qaclickacademy.Mavenjava.AppiumTest -->
      <class name="qaclickacademy.Mavenjava.RESTAPITest">
        <test-method signature="deleteTwitter()[pri:0, instance:qaclickacademy.Mavenjava.RESTAPITest@5717c37]" started-at="2021-05-18T12:33:08Z" name="deleteTwitter" finished-at="2021-05-18T12:33:08Z" duration-ms="5" status="PASS">
          <reporter-output>
          </reporter-output>
        </test-method> <!-- deleteTwitter -->
        <test-method signature="postJira()[pri:0, instance:qaclickacademy.Mavenjava.RESTAPITest@5717c37]" started-at="2021-05-18T12:33:08Z" name="postJira" finished-at="2021-05-18T12:33:08Z" duration-ms="2" status="PASS">
          <reporter-output>
          </reporter-output>
        </test-method> <!-- postJira -->
      </class> <!-- qaclickacademy.Mavenjava.RESTAPITest -->
      <class name="qaclickacademy.Mavenjava.SeleniumTest">
        <test-method signature="BrowserAutomation()[pri:0, instance:qaclickacademy.Mavenjava.SeleniumTest@4816278d]" started-at="2021-05-18T12:33:08Z" name="BrowserAutomation" finished-at="2021-05-18T12:33:08Z" duration-ms="3" status="PASS">
          <reporter-output>
          </reporter-output>
        </test-method> <!-- BrowserAutomation -->
        <test-method signature="elementsUI()[pri:0, instance:qaclickacademy.Mavenjava.SeleniumTest@4816278d]" started-at="2021-05-18T12:33:08Z" name="elementsUI" finished-at="2021-05-18T12:33:08Z" duration-ms="6" status="PASS">
          <reporter-output>
          </reporter-output>
        </test-method> <!-- elementsUI -->
      </class> <!-- qaclickacademy.Mavenjava.SeleniumTest -->
    </test> <!-- Test -->
  </suite> <!-- Suite -->
</testng-results>
